{"C:\\Users\\teemu\\OneDrive - Electro Waves Oy\\Koulu\\03_Kevat2026\\Ohjelmistojen_yllapito_ja_testaus\\VIII_Deployment\\src\\words.js":{"path":"C:\\Users\\teemu\\OneDrive - Electro Waves Oy\\Koulu\\03_Kevat2026\\Ohjelmistojen_yllapito_ja_testaus\\VIII_Deployment\\src\\words.js","statementMap":{"0":{"start":{"line":3,"column":23},"end":{"line":5,"column":1}},"1":{"start":{"line":8,"column":20},"end":{"line":8,"column":63}},"2":{"start":{"line":11,"column":2},"end":{"line":11,"column":34}},"3":{"start":{"line":31,"column":2},"end":{"line":34,"column":3}},"4":{"start":{"line":32,"column":19},"end":{"line":32,"column":85}},"5":{"start":{"line":33,"column":4},"end":{"line":33,"column":23}},"6":{"start":{"line":35,"column":2},"end":{"line":35,"column":36}}},"fnMap":{"0":{"name":"asciiWords","decl":{"start":{"line":10,"column":9},"end":{"line":10,"column":19}},"loc":{"start":{"line":10,"column":28},"end":{"line":12,"column":1}},"line":10},"1":{"name":"words","decl":{"start":{"line":30,"column":9},"end":{"line":30,"column":14}},"loc":{"start":{"line":30,"column":32},"end":{"line":36,"column":1}},"line":30}},"branchMap":{"0":{"loc":{"start":{"line":31,"column":2},"end":{"line":34,"column":3}},"type":"if","locations":[{"start":{"line":31,"column":2},"end":{"line":34,"column":3}},{"start":{},"end":{}}],"line":31},"1":{"loc":{"start":{"line":32,"column":19},"end":{"line":32,"column":85}},"type":"cond-expr","locations":[{"start":{"line":32,"column":44},"end":{"line":32,"column":64}},{"start":{"line":32,"column":67},"end":{"line":32,"column":85}}],"line":32},"2":{"loc":{"start":{"line":33,"column":11},"end":{"line":33,"column":23}},"type":"binary-expr","locations":[{"start":{"line":33,"column":11},"end":{"line":33,"column":17}},{"start":{"line":33,"column":21},"end":{"line":33,"column":23}}],"line":33},"3":{"loc":{"start":{"line":35,"column":9},"end":{"line":35,"column":36}},"type":"binary-expr","locations":[{"start":{"line":35,"column":9},"end":{"line":35,"column":30}},{"start":{"line":35,"column":34},"end":{"line":35,"column":36}}],"line":35}},"s":{"0":0,"1":0,"2":0,"3":0,"4":0,"5":0,"6":0},"f":{"0":0,"1":0},"b":{"0":[0,0],"1":[0,0],"2":[0,0],"3":[0,0]},"all":true},"C:\\Users\\teemu\\OneDrive - Electro Waves Oy\\Koulu\\03_Kevat2026\\Ohjelmistojen_yllapito_ja_testaus\\VIII_Deployment\\src\\upperFirst.js":{"path":"C:\\Users\\teemu\\OneDrive - Electro Waves Oy\\Koulu\\03_Kevat2026\\Ohjelmistojen_yllapito_ja_testaus\\VIII_Deployment\\src\\upperFirst.js","statementMap":{"0":{"start":{"line":19,"column":19},"end":{"line":19,"column":49}}},"fnMap":{},"branchMap":{},"s":{"0":0},"f":{},"b":{},"all":true},"C:\\Users\\teemu\\OneDrive - Electro Waves Oy\\Koulu\\03_Kevat2026\\Ohjelmistojen_yllapito_ja_testaus\\VIII_Deployment\\src\\toString.js":{"path":"C:\\Users\\teemu\\OneDrive - Electro Waves Oy\\Koulu\\03_Kevat2026\\Ohjelmistojen_yllapito_ja_testaus\\VIII_Deployment\\src\\toString.js","statementMap":{"0":{"start":{"line":4,"column":17},"end":{"line":4,"column":22}},"1":{"start":{"line":28,"column":2},"end":{"line":30,"column":3}},"2":{"start":{"line":29,"column":4},"end":{"line":29,"column":16}},"3":{"start":{"line":30,"column":3},"end":{"line":32,"column":3}},"4":{"start":{"line":31,"column":4},"end":{"line":31,"column":14}},"5":{"start":{"line":33,"column":2},"end":{"line":36,"column":3}},"6":{"start":{"line":35,"column":4},"end":{"line":35,"column":77}},"7":{"start":{"line":35,"column":35},"end":{"line":35,"column":74}},"8":{"start":{"line":37,"column":2},"end":{"line":39,"column":3}},"9":{"start":{"line":38,"column":4},"end":{"line":38,"column":27}},"10":{"start":{"line":40,"column":17},"end":{"line":40,"column":27}},"11":{"start":{"line":41,"column":2},"end":{"line":41,"column":68}}},"fnMap":{"0":{"name":"toString","decl":{"start":{"line":25,"column":9},"end":{"line":25,"column":17}},"loc":{"start":{"line":25,"column":25},"end":{"line":42,"column":1}},"line":25},"1":{"name":"(anonymous_1)","decl":{"start":{"line":35,"column":24},"end":{"line":35,"column":25}},"loc":{"start":{"line":35,"column":35},"end":{"line":35,"column":74}},"line":35}},"branchMap":{"0":{"loc":{"start":{"line":28,"column":2},"end":{"line":30,"column":3}},"type":"if","locations":[{"start":{"line":28,"column":2},"end":{"line":30,"column":3}},{"start":{},"end":{}}],"line":28},"1":{"loc":{"start":{"line":30,"column":3},"end":{"line":32,"column":3}},"type":"if","locations":[{"start":{"line":30,"column":3},"end":{"line":32,"column":3}},{"start":{},"end":{}}],"line":30},"2":{"loc":{"start":{"line":33,"column":2},"end":{"line":36,"column":3}},"type":"if","locations":[{"start":{"line":33,"column":2},"end":{"line":36,"column":3}},{"start":{},"end":{}}],"line":33},"3":{"loc":{"start":{"line":35,"column":35},"end":{"line":35,"column":74}},"type":"cond-expr","locations":[{"start":{"line":35,"column":51},"end":{"line":35,"column":56}},{"start":{"line":35,"column":59},"end":{"line":35,"column":74}}],"line":35},"4":{"loc":{"start":{"line":37,"column":2},"end":{"line":39,"column":3}},"type":"if","locations":[{"start":{"line":37,"column":2},"end":{"line":39,"column":3}},{"start":{},"end":{}}],"line":37},"5":{"loc":{"start":{"line":41,"column":9},"end":{"line":41,"column":68}},"type":"cond-expr","locations":[{"start":{"line":41,"column":55},"end":{"line":41,"column":59}},{"start":{"line":41,"column":62},"end":{"line":41,"column":68}}],"line":41},"6":{"loc":{"start":{"line":41,"column":10},"end":{"line":41,"column":51}},"type":"binary-expr","locations":[{"start":{"line":41,"column":10},"end":{"line":41,"column":23}},{"start":{"line":41,"column":27},"end":{"line":41,"column":51}}],"line":41}},"s":{"0":0,"1":0,"2":0,"3":0,"4":0,"5":0,"6":0,"7":0,"8":0,"9":0,"10":0,"11":0},"f":{"0":0,"1":0},"b":{"0":[0,0],"1":[0,0],"2":[0,0],"3":[0,0],"4":[0,0],"5":[0,0],"6":[0,0]},"all":true},"C:\\Users\\teemu\\OneDrive - Electro Waves Oy\\Koulu\\03_Kevat2026\\Ohjelmistojen_yllapito_ja_testaus\\VIII_Deployment\\src\\toNumber.js":{"path":"C:\\Users\\teemu\\OneDrive - Electro Waves Oy\\Koulu\\03_Kevat2026\\Ohjelmistojen_yllapito_ja_testaus\\VIII_Deployment\\src\\toNumber.js","statementMap":{"0":{"start":{"line":5,"column":12},"end":{"line":5,"column":17}},"1":{"start":{"line":8,"column":15},"end":{"line":8,"column":27}},"2":{"start":{"line":11,"column":19},"end":{"line":11,"column":39}},"3":{"start":{"line":14,"column":19},"end":{"line":14,"column":31}},"4":{"start":{"line":17,"column":18},"end":{"line":17,"column":31}},"5":{"start":{"line":20,"column":21},"end":{"line":20,"column":29}},"6":{"start":{"line":45,"column":2},"end":{"line":47,"column":3}},"7":{"start":{"line":46,"column":4},"end":{"line":46,"column":16}},"8":{"start":{"line":48,"column":2},"end":{"line":50,"column":3}},"9":{"start":{"line":49,"column":4},"end":{"line":49,"column":14}},"10":{"start":{"line":51,"column":2},"end":{"line":54,"column":3}},"11":{"start":{"line":52,"column":18},"end":{"line":52,"column":79}},"12":{"start":{"line":53,"column":4},"end":{"line":53,"column":48}},"13":{"start":{"line":55,"column":2},"end":{"line":57,"column":3}},"14":{"start":{"line":56,"column":4},"end":{"line":56,"column":39}},"15":{"start":{"line":58,"column":2},"end":{"line":58,"column":35}},"16":{"start":{"line":59,"column":19},"end":{"line":59,"column":41}},"17":{"start":{"line":60,"column":2},"end":{"line":62,"column":45}}},"fnMap":{"0":{"name":"toNumber","decl":{"start":{"line":44,"column":9},"end":{"line":44,"column":17}},"loc":{"start":{"line":44,"column":25},"end":{"line":63,"column":1}},"line":44}},"branchMap":{"0":{"loc":{"start":{"line":45,"column":2},"end":{"line":47,"column":3}},"type":"if","locations":[{"start":{"line":45,"column":2},"end":{"line":47,"column":3}},{"start":{},"end":{}}],"line":45},"1":{"loc":{"start":{"line":48,"column":2},"end":{"line":50,"column":3}},"type":"if","locations":[{"start":{"line":48,"column":2},"end":{"line":50,"column":3}},{"start":{},"end":{}}],"line":48},"2":{"loc":{"start":{"line":51,"column":2},"end":{"line":54,"column":3}},"type":"if","locations":[{"start":{"line":51,"column":2},"end":{"line":54,"column":3}},{"start":{},"end":{}}],"line":51},"3":{"loc":{"start":{"line":52,"column":18},"end":{"line":52,"column":79}},"type":"cond-expr","locations":[{"start":{"line":52,"column":56},"end":{"line":52,"column":71}},{"start":{"line":52,"column":74},"end":{"line":52,"column":79}}],"line":52},"4":{"loc":{"start":{"line":53,"column":12},"end":{"line":53,"column":48}},"type":"cond-expr","locations":[{"start":{"line":53,"column":30},"end":{"line":53,"column":40}},{"start":{"line":53,"column":43},"end":{"line":53,"column":48}}],"line":53},"5":{"loc":{"start":{"line":55,"column":2},"end":{"line":57,"column":3}},"type":"if","locations":[{"start":{"line":55,"column":2},"end":{"line":57,"column":3}},{"start":{},"end":{}}],"line":55},"6":{"loc":{"start":{"line":56,"column":11},"end":{"line":56,"column":39}},"type":"cond-expr","locations":[{"start":{"line":56,"column":25},"end":{"line":56,"column":30}},{"start":{"line":56,"column":33},"end":{"line":56,"column":39}}],"line":56},"7":{"loc":{"start":{"line":60,"column":9},"end":{"line":62,"column":45}},"type":"cond-expr","locations":[{"start":{"line":61,"column":6},"end":{"line":61,"column":52}},{"start":{"line":62,"column":7},"end":{"line":62,"column":44}}],"line":60},"8":{"loc":{"start":{"line":60,"column":10},"end":{"line":60,"column":43}},"type":"binary-expr","locations":[{"start":{"line":60,"column":10},"end":{"line":60,"column":18}},{"start":{"line":60,"column":22},"end":{"line":60,"column":43}}],"line":60},"9":{"loc":{"start":{"line":61,"column":35},"end":{"line":61,"column":51}},"type":"cond-expr","locations":[{"start":{"line":61,"column":46},"end":{"line":61,"column":47}},{"start":{"line":61,"column":50},"end":{"line":61,"column":51}}],"line":61},"10":{"loc":{"start":{"line":62,"column":7},"end":{"line":62,"column":44}},"type":"cond-expr","locations":[{"start":{"line":62,"column":32},"end":{"line":62,"column":35}},{"start":{"line":62,"column":38},"end":{"line":62,"column":44}}],"line":62}},"s":{"0":0,"1":0,"2":0,"3":0,"4":0,"5":0,"6":0,"7":0,"8":0,"9":0,"10":0,"11":0,"12":0,"13":0,"14":0,"15":0,"16":0,"17":0},"f":{"0":0},"b":{"0":[0,0],"1":[0,0],"2":[0,0],"3":[0,0],"4":[0,0],"5":[0,0],"6":[0,0],"7":[0,0],"8":[0,0],"9":[0,0],"10":[0,0]},"all":true},"C:\\Users\\teemu\\OneDrive - Electro Waves Oy\\Koulu\\03_Kevat2026\\Ohjelmistojen_yllapito_ja_testaus\\VIII_Deployment\\src\\toInteger.js":{"path":"C:\\Users\\teemu\\OneDrive - Electro Waves Oy\\Koulu\\03_Kevat2026\\Ohjelmistojen_yllapito_ja_testaus\\VIII_Deployment\\src\\toInteger.js","statementMap":{"0":{"start":{"line":29,"column":17},"end":{"line":29,"column":32}},"1":{"start":{"line":30,"column":20},"end":{"line":30,"column":30}},"2":{"start":{"line":32,"column":2},"end":{"line":32,"column":48}}},"fnMap":{"0":{"name":"toInteger","decl":{"start":{"line":28,"column":9},"end":{"line":28,"column":18}},"loc":{"start":{"line":28,"column":26},"end":{"line":33,"column":1}},"line":28}},"branchMap":{"0":{"loc":{"start":{"line":32,"column":9},"end":{"line":32,"column":48}},"type":"cond-expr","locations":[{"start":{"line":32,"column":21},"end":{"line":32,"column":39}},{"start":{"line":32,"column":42},"end":{"line":32,"column":48}}],"line":32}},"s":{"0":0,"1":0,"2":0},"f":{"0":0},"b":{"0":[0,0]},"all":true},"C:\\Users\\teemu\\OneDrive - Electro Waves Oy\\Koulu\\03_Kevat2026\\Ohjelmistojen_yllapito_ja_testaus\\VIII_Deployment\\src\\toFinite.js":{"path":"C:\\Users\\teemu\\OneDrive - Electro Waves Oy\\Koulu\\03_Kevat2026\\Ohjelmistojen_yllapito_ja_testaus\\VIII_Deployment\\src\\toFinite.js","statementMap":{"0":{"start":{"line":4,"column":17},"end":{"line":4,"column":22}},"1":{"start":{"line":5,"column":20},"end":{"line":5,"column":43}},"2":{"start":{"line":29,"column":2},"end":{"line":31,"column":3}},"3":{"start":{"line":30,"column":4},"end":{"line":30,"column":34}},"4":{"start":{"line":32,"column":2},"end":{"line":32,"column":25}},"5":{"start":{"line":33,"column":2},"end":{"line":36,"column":3}},"6":{"start":{"line":34,"column":18},"end":{"line":34,"column":36}},"7":{"start":{"line":35,"column":4},"end":{"line":35,"column":29}},"8":{"start":{"line":37,"column":2},"end":{"line":37,"column":36}}},"fnMap":{"0":{"name":"toFinite","decl":{"start":{"line":28,"column":9},"end":{"line":28,"column":17}},"loc":{"start":{"line":28,"column":25},"end":{"line":38,"column":1}},"line":28}},"branchMap":{"0":{"loc":{"start":{"line":29,"column":2},"end":{"line":31,"column":3}},"type":"if","locations":[{"start":{"line":29,"column":2},"end":{"line":31,"column":3}},{"start":{},"end":{}}],"line":29},"1":{"loc":{"start":{"line":30,"column":11},"end":{"line":30,"column":34}},"type":"cond-expr","locations":[{"start":{"line":30,"column":25},"end":{"line":30,"column":30}},{"start":{"line":30,"column":33},"end":{"line":30,"column":34}}],"line":30},"2":{"loc":{"start":{"line":33,"column":2},"end":{"line":36,"column":3}},"type":"if","locations":[{"start":{"line":33,"column":2},"end":{"line":36,"column":3}},{"start":{},"end":{}}],"line":33},"3":{"loc":{"start":{"line":33,"column":6},"end":{"line":33,"column":47}},"type":"binary-expr","locations":[{"start":{"line":33,"column":6},"end":{"line":33,"column":24}},{"start":{"line":33,"column":28},"end":{"line":33,"column":47}}],"line":33},"4":{"loc":{"start":{"line":34,"column":18},"end":{"line":34,"column":36}},"type":"cond-expr","locations":[{"start":{"line":34,"column":30},"end":{"line":34,"column":32}},{"start":{"line":34,"column":35},"end":{"line":34,"column":36}}],"line":34},"5":{"loc":{"start":{"line":37,"column":9},"end":{"line":37,"column":36}},"type":"cond-expr","locations":[{"start":{"line":37,"column":27},"end":{"line":37,"column":32}},{"start":{"line":37,"column":35},"end":{"line":37,"column":36}}],"line":37}},"s":{"0":0,"1":0,"2":0,"3":0,"4":0,"5":0,"6":0,"7":0,"8":0},"f":{"0":0},"b":{"0":[0,0],"1":[0,0],"2":[0,0],"3":[0,0],"4":[0,0],"5":[0,0]},"all":true},"C:\\Users\\teemu\\OneDrive - Electro Waves Oy\\Koulu\\03_Kevat2026\\Ohjelmistojen_yllapito_ja_testaus\\VIII_Deployment\\src\\slice.js":{"path":"C:\\Users\\teemu\\OneDrive - Electro Waves Oy\\Koulu\\03_Kevat2026\\Ohjelmistojen_yllapito_ja_testaus\\VIII_Deployment\\src\\slice.js","statementMap":{"0":{"start":{"line":22,"column":15},"end":{"line":22,"column":47}},"1":{"start":{"line":23,"column":2},"end":{"line":25,"column":3}},"2":{"start":{"line":24,"column":4},"end":{"line":24,"column":13}},"3":{"start":{"line":26,"column":2},"end":{"line":26,"column":35}},"4":{"start":{"line":27,"column":2},"end":{"line":27,"column":40}},"5":{"start":{"line":29,"column":2},"end":{"line":31,"column":3}},"6":{"start":{"line":30,"column":4},"end":{"line":30,"column":50}},"7":{"start":{"line":32,"column":2},"end":{"line":34,"column":3}},"8":{"start":{"line":33,"column":4},"end":{"line":33,"column":17}},"9":{"start":{"line":35,"column":2},"end":{"line":37,"column":3}},"10":{"start":{"line":36,"column":4},"end":{"line":36,"column":16}},"11":{"start":{"line":38,"column":2},"end":{"line":38,"column":50}},"12":{"start":{"line":39,"column":2},"end":{"line":39,"column":14}},"13":{"start":{"line":41,"column":14},"end":{"line":41,"column":16}},"14":{"start":{"line":42,"column":17},"end":{"line":42,"column":34}},"15":{"start":{"line":43,"column":2},"end":{"line":45,"column":3}},"16":{"start":{"line":44,"column":4},"end":{"line":44,"column":40}},"17":{"start":{"line":46,"column":2},"end":{"line":46,"column":15}}},"fnMap":{"0":{"name":"slice","decl":{"start":{"line":21,"column":9},"end":{"line":21,"column":14}},"loc":{"start":{"line":21,"column":34},"end":{"line":47,"column":1}},"line":21}},"branchMap":{"0":{"loc":{"start":{"line":22,"column":15},"end":{"line":22,"column":47}},"type":"cond-expr","locations":[{"start":{"line":22,"column":31},"end":{"line":22,"column":32}},{"start":{"line":22,"column":35},"end":{"line":22,"column":47}}],"line":22},"1":{"loc":{"start":{"line":23,"column":2},"end":{"line":25,"column":3}},"type":"if","locations":[{"start":{"line":23,"column":2},"end":{"line":25,"column":3}},{"start":{},"end":{}}],"line":23},"2":{"loc":{"start":{"line":26,"column":10},"end":{"line":26,"column":35}},"type":"cond-expr","locations":[{"start":{"line":26,"column":26},"end":{"line":26,"column":27}},{"start":{"line":26,"column":30},"end":{"line":26,"column":35}}],"line":26},"3":{"loc":{"start":{"line":27,"column":8},"end":{"line":27,"column":40}},"type":"cond-expr","locations":[{"start":{"line":27,"column":28},"end":{"line":27,"column":34}},{"start":{"line":27,"column":37},"end":{"line":27,"column":40}}],"line":27},"4":{"loc":{"start":{"line":29,"column":2},"end":{"line":31,"column":3}},"type":"if","locations":[{"start":{"line":29,"column":2},"end":{"line":31,"column":3}},{"start":{},"end":{}}],"line":29},"5":{"loc":{"start":{"line":30,"column":12},"end":{"line":30,"column":50}},"type":"cond-expr","locations":[{"start":{"line":30,"column":30},"end":{"line":30,"column":31}},{"start":{"line":30,"column":35},"end":{"line":30,"column":49}}],"line":30},"6":{"loc":{"start":{"line":32,"column":2},"end":{"line":34,"column":3}},"type":"if","locations":[{"start":{"line":32,"column":2},"end":{"line":34,"column":3}},{"start":{},"end":{}}],"line":32},"7":{"loc":{"start":{"line":35,"column":2},"end":{"line":37,"column":3}},"type":"if","locations":[{"start":{"line":35,"column":2},"end":{"line":37,"column":3}},{"start":{},"end":{}}],"line":35},"8":{"loc":{"start":{"line":38,"column":11},"end":{"line":38,"column":50}},"type":"cond-expr","locations":[{"start":{"line":38,"column":25},"end":{"line":38,"column":26}},{"start":{"line":38,"column":30},"end":{"line":38,"column":49}}],"line":38}},"s":{"0":0,"1":0,"2":0,"3":0,"4":0,"5":0,"6":0,"7":0,"8":0,"9":0,"10":0,"11":0,"12":0,"13":0,"14":0,"15":0,"16":0,"17":0},"f":{"0":0},"b":{"0":[0,0],"1":[0,0],"2":[0,0],"3":[0,0],"4":[0,0],"5":[0,0],"6":[0,0],"7":[0,0],"8":[0,0]},"all":true},"C:\\Users\\teemu\\OneDrive - Electro Waves Oy\\Koulu\\03_Kevat2026\\Ohjelmistojen_yllapito_ja_testaus\\VIII_Deployment\\src\\reduce.js":{"path":"C:\\Users\\teemu\\OneDrive - Electro Waves Oy\\Koulu\\03_Kevat2026\\Ohjelmistojen_yllapito_ja_testaus\\VIII_Deployment\\src\\reduce.js","statementMap":{"0":{"start":{"line":39,"column":15},"end":{"line":39,"column":67}},"1":{"start":{"line":40,"column":20},"end":{"line":40,"column":40}},"2":{"start":{"line":41,"column":2},"end":{"line":41,"column":69}}},"fnMap":{"0":{"name":"reduce","decl":{"start":{"line":38,"column":9},"end":{"line":38,"column":15}},"loc":{"start":{"line":38,"column":51},"end":{"line":42,"column":1}},"line":38}},"branchMap":{"0":{"loc":{"start":{"line":39,"column":15},"end":{"line":39,"column":67}},"type":"cond-expr","locations":[{"start":{"line":39,"column":43},"end":{"line":39,"column":54}},{"start":{"line":39,"column":57},"end":{"line":39,"column":67}}],"line":39}},"s":{"0":0,"1":0,"2":0},"f":{"0":0},"b":{"0":[0,0]},"all":true},"C:\\Users\\teemu\\OneDrive - Electro Waves Oy\\Koulu\\03_Kevat2026\\Ohjelmistojen_yllapito_ja_testaus\\VIII_Deployment\\src\\memoize.js":{"path":"C:\\Users\\teemu\\OneDrive - Electro Waves Oy\\Koulu\\03_Kevat2026\\Ohjelmistojen_yllapito_ja_testaus\\VIII_Deployment\\src\\memoize.js","statementMap":{"0":{"start":{"line":44,"column":2},"end":{"line":46,"column":3}},"1":{"start":{"line":45,"column":4},"end":{"line":45,"column":46}},"2":{"start":{"line":47,"column":19},"end":{"line":57,"column":3}},"3":{"start":{"line":48,"column":16},"end":{"line":48,"column":63}},"4":{"start":{"line":49,"column":18},"end":{"line":49,"column":32}},"5":{"start":{"line":51,"column":4},"end":{"line":53,"column":5}},"6":{"start":{"line":52,"column":6},"end":{"line":52,"column":27}},"7":{"start":{"line":54,"column":19},"end":{"line":54,"column":41}},"8":{"start":{"line":55,"column":4},"end":{"line":55,"column":52}},"9":{"start":{"line":56,"column":4},"end":{"line":56,"column":17}},"10":{"start":{"line":58,"column":2},"end":{"line":58,"column":45}},"11":{"start":{"line":59,"column":2},"end":{"line":59,"column":17}},"12":{"start":{"line":62,"column":0},"end":{"line":62,"column":19}}},"fnMap":{"0":{"name":"memoize","decl":{"start":{"line":43,"column":9},"end":{"line":43,"column":16}},"loc":{"start":{"line":43,"column":33},"end":{"line":60,"column":1}},"line":43},"1":{"name":"(anonymous_1)","decl":{"start":{"line":47,"column":19},"end":{"line":47,"column":20}},"loc":{"start":{"line":47,"column":37},"end":{"line":57,"column":3}},"line":47}},"branchMap":{"0":{"loc":{"start":{"line":44,"column":2},"end":{"line":46,"column":3}},"type":"if","locations":[{"start":{"line":44,"column":2},"end":{"line":46,"column":3}},{"start":{},"end":{}}],"line":44},"1":{"loc":{"start":{"line":44,"column":6},"end":{"line":44,"column":88}},"type":"binary-expr","locations":[{"start":{"line":44,"column":6},"end":{"line":44,"column":32}},{"start":{"line":44,"column":37},"end":{"line":44,"column":53}},{"start":{"line":44,"column":57},"end":{"line":44,"column":87}}],"line":44},"2":{"loc":{"start":{"line":48,"column":16},"end":{"line":48,"column":63}},"type":"cond-expr","locations":[{"start":{"line":48,"column":27},"end":{"line":48,"column":53}},{"start":{"line":48,"column":56},"end":{"line":48,"column":63}}],"line":48},"3":{"loc":{"start":{"line":51,"column":4},"end":{"line":53,"column":5}},"type":"if","locations":[{"start":{"line":51,"column":4},"end":{"line":53,"column":5}},{"start":{},"end":{}}],"line":51},"4":{"loc":{"start":{"line":55,"column":21},"end":{"line":55,"column":52}},"type":"binary-expr","locations":[{"start":{"line":55,"column":21},"end":{"line":55,"column":43}},{"start":{"line":55,"column":47},"end":{"line":55,"column":52}}],"line":55},"5":{"loc":{"start":{"line":58,"column":24},"end":{"line":58,"column":44}},"type":"binary-expr","locations":[{"start":{"line":58,"column":24},"end":{"line":58,"column":37}},{"start":{"line":58,"column":41},"end":{"line":58,"column":44}}],"line":58}},"s":{"0":0,"1":0,"2":0,"3":0,"4":0,"5":0,"6":0,"7":0,"8":0,"9":0,"10":0,"11":0,"12":0},"f":{"0":0,"1":0},"b":{"0":[0,0],"1":[0,0,0],"2":[0,0],"3":[0,0],"4":[0,0],"5":[0,0]},"all":true},"C:\\Users\\teemu\\OneDrive - Electro Waves Oy\\Koulu\\03_Kevat2026\\Ohjelmistojen_yllapito_ja_testaus\\VIII_Deployment\\src\\map.js":{"path":"C:\\Users\\teemu\\OneDrive - Electro Waves Oy\\Koulu\\03_Kevat2026\\Ohjelmistojen_yllapito_ja_testaus\\VIII_Deployment\\src\\map.js","statementMap":{"0":{"start":{"line":20,"column":14},"end":{"line":20,"column":16}},"1":{"start":{"line":21,"column":17},"end":{"line":21,"column":49}},"2":{"start":{"line":22,"column":17},"end":{"line":22,"column":34}},"3":{"start":{"line":24,"column":2},"end":{"line":26,"column":3}},"4":{"start":{"line":25,"column":4},"end":{"line":25,"column":56}},"5":{"start":{"line":27,"column":2},"end":{"line":27,"column":15}}},"fnMap":{"0":{"name":"map","decl":{"start":{"line":19,"column":9},"end":{"line":19,"column":12}},"loc":{"start":{"line":19,"column":30},"end":{"line":28,"column":1}},"line":19}},"branchMap":{"0":{"loc":{"start":{"line":21,"column":17},"end":{"line":21,"column":49}},"type":"cond-expr","locations":[{"start":{"line":21,"column":33},"end":{"line":21,"column":34}},{"start":{"line":21,"column":37},"end":{"line":21,"column":49}}],"line":21}},"s":{"0":0,"1":0,"2":0,"3":0,"4":0,"5":0},"f":{"0":0},"b":{"0":[0,0]},"all":true},"C:\\Users\\teemu\\OneDrive - Electro Waves Oy\\Koulu\\03_Kevat2026\\Ohjelmistojen_yllapito_ja_testaus\\VIII_Deployment\\src\\keys.js":{"path":"C:\\Users\\teemu\\OneDrive - Electro Waves Oy\\Koulu\\03_Kevat2026\\Ohjelmistojen_yllapito_ja_testaus\\VIII_Deployment\\src\\keys.js","statementMap":{"0":{"start":{"line":32,"column":2},"end":{"line":34,"column":33}}},"fnMap":{"0":{"name":"keys","decl":{"start":{"line":31,"column":9},"end":{"line":31,"column":13}},"loc":{"start":{"line":31,"column":22},"end":{"line":35,"column":1}},"line":31}},"branchMap":{"0":{"loc":{"start":{"line":32,"column":9},"end":{"line":34,"column":33}},"type":"cond-expr","locations":[{"start":{"line":33,"column":6},"end":{"line":33,"column":27}},{"start":{"line":34,"column":6},"end":{"line":34,"column":33}}],"line":32}},"s":{"0":0},"f":{"0":0},"b":{"0":[0,0]},"all":true},"C:\\Users\\teemu\\OneDrive - Electro Waves Oy\\Koulu\\03_Kevat2026\\Ohjelmistojen_yllapito_ja_testaus\\VIII_Deployment\\src\\isTypedArray.js":{"path":"C:\\Users\\teemu\\OneDrive - Electro Waves Oy\\Koulu\\03_Kevat2026\\Ohjelmistojen_yllapito_ja_testaus\\VIII_Deployment\\src\\isTypedArray.js","statementMap":{"0":{"start":{"line":6,"column":19},"end":{"line":6,"column":94}},"1":{"start":{"line":9,"column":25},"end":{"line":9,"column":60}},"2":{"start":{"line":26,"column":21},"end":{"line":28,"column":68}},"3":{"start":{"line":27,"column":15},"end":{"line":27,"column":38}},"4":{"start":{"line":28,"column":15},"end":{"line":28,"column":68}}},"fnMap":{"0":{"name":"(anonymous_0)","decl":{"start":{"line":27,"column":4},"end":{"line":27,"column":5}},"loc":{"start":{"line":27,"column":15},"end":{"line":27,"column":38}},"line":27},"1":{"name":"(anonymous_1)","decl":{"start":{"line":28,"column":4},"end":{"line":28,"column":5}},"loc":{"start":{"line":28,"column":15},"end":{"line":28,"column":68}},"line":28}},"branchMap":{"0":{"loc":{"start":{"line":9,"column":25},"end":{"line":9,"column":60}},"type":"binary-expr","locations":[{"start":{"line":9,"column":25},"end":{"line":9,"column":34}},{"start":{"line":9,"column":38},"end":{"line":9,"column":60}}],"line":9},"1":{"loc":{"start":{"line":26,"column":21},"end":{"line":28,"column":68}},"type":"cond-expr","locations":[{"start":{"line":27,"column":4},"end":{"line":27,"column":38}},{"start":{"line":28,"column":4},"end":{"line":28,"column":68}}],"line":26},"2":{"loc":{"start":{"line":28,"column":15},"end":{"line":28,"column":68}},"type":"binary-expr","locations":[{"start":{"line":28,"column":15},"end":{"line":28,"column":34}},{"start":{"line":28,"column":38},"end":{"line":28,"column":68}}],"line":28}},"s":{"0":0,"1":0,"2":0,"3":0,"4":0},"f":{"0":0,"1":0},"b":{"0":[0,0],"1":[0,0],"2":[0,0]},"all":true},"C:\\Users\\teemu\\OneDrive - Electro Waves Oy\\Koulu\\03_Kevat2026\\Ohjelmistojen_yllapito_ja_testaus\\VIII_Deployment\\src\\isSymbol.js":{"path":"C:\\Users\\teemu\\OneDrive - Electro Waves Oy\\Koulu\\03_Kevat2026\\Ohjelmistojen_yllapito_ja_testaus\\VIII_Deployment\\src\\isSymbol.js","statementMap":{"0":{"start":{"line":19,"column":15},"end":{"line":19,"column":27}},"1":{"start":{"line":20,"column":2},"end":{"line":20,"column":103}}},"fnMap":{"0":{"name":"isSymbol","decl":{"start":{"line":18,"column":9},"end":{"line":18,"column":17}},"loc":{"start":{"line":18,"column":25},"end":{"line":21,"column":1}},"line":18}},"branchMap":{"0":{"loc":{"start":{"line":20,"column":9},"end":{"line":20,"column":103}},"type":"binary-expr","locations":[{"start":{"line":20,"column":9},"end":{"line":20,"column":25}},{"start":{"line":20,"column":30},"end":{"line":20,"column":47}},{"start":{"line":20,"column":51},"end":{"line":20,"column":64}},{"start":{"line":20,"column":68},"end":{"line":20,"column":102}}],"line":20}},"s":{"0":0,"1":0},"f":{"0":0},"b":{"0":[0,0,0,0]},"all":true},"C:\\Users\\teemu\\OneDrive - Electro Waves Oy\\Koulu\\03_Kevat2026\\Ohjelmistojen_yllapito_ja_testaus\\VIII_Deployment\\src\\isObjectLike.js":{"path":"C:\\Users\\teemu\\OneDrive - Electro Waves Oy\\Koulu\\03_Kevat2026\\Ohjelmistojen_yllapito_ja_testaus\\VIII_Deployment\\src\\isObjectLike.js","statementMap":{"0":{"start":{"line":24,"column":2},"end":{"line":24,"column":52}}},"fnMap":{"0":{"name":"isObjectLike","decl":{"start":{"line":23,"column":9},"end":{"line":23,"column":21}},"loc":{"start":{"line":23,"column":29},"end":{"line":25,"column":1}},"line":23}},"branchMap":{"0":{"loc":{"start":{"line":24,"column":9},"end":{"line":24,"column":52}},"type":"binary-expr","locations":[{"start":{"line":24,"column":9},"end":{"line":24,"column":34}},{"start":{"line":24,"column":38},"end":{"line":24,"column":52}}],"line":24}},"s":{"0":0},"f":{"0":0},"b":{"0":[0,0]},"all":true},"C:\\Users\\teemu\\OneDrive - Electro Waves Oy\\Koulu\\03_Kevat2026\\Ohjelmistojen_yllapito_ja_testaus\\VIII_Deployment\\src\\isObject.js":{"path":"C:\\Users\\teemu\\OneDrive - Electro Waves Oy\\Koulu\\03_Kevat2026\\Ohjelmistojen_yllapito_ja_testaus\\VIII_Deployment\\src\\isObject.js","statementMap":{"0":{"start":{"line":25,"column":15},"end":{"line":25,"column":27}},"1":{"start":{"line":26,"column":2},"end":{"line":26,"column":68}}},"fnMap":{"0":{"name":"isObject","decl":{"start":{"line":24,"column":9},"end":{"line":24,"column":17}},"loc":{"start":{"line":24,"column":25},"end":{"line":27,"column":1}},"line":24}},"branchMap":{"0":{"loc":{"start":{"line":26,"column":9},"end":{"line":26,"column":68}},"type":"binary-expr","locations":[{"start":{"line":26,"column":9},"end":{"line":26,"column":22}},{"start":{"line":26,"column":27},"end":{"line":26,"column":44}},{"start":{"line":26,"column":48},"end":{"line":26,"column":67}}],"line":26}},"s":{"0":0,"1":0},"f":{"0":0},"b":{"0":[0,0,0]},"all":true},"C:\\Users\\teemu\\OneDrive - Electro Waves Oy\\Koulu\\03_Kevat2026\\Ohjelmistojen_yllapito_ja_testaus\\VIII_Deployment\\src\\isLength.js":{"path":"C:\\Users\\teemu\\OneDrive - Electro Waves Oy\\Koulu\\03_Kevat2026\\Ohjelmistojen_yllapito_ja_testaus\\VIII_Deployment\\src\\isLength.js","statementMap":{"0":{"start":{"line":2,"column":25},"end":{"line":2,"column":41}},"1":{"start":{"line":29,"column":2},"end":{"line":30,"column":61}}},"fnMap":{"0":{"name":"isLength","decl":{"start":{"line":28,"column":9},"end":{"line":28,"column":17}},"loc":{"start":{"line":28,"column":25},"end":{"line":31,"column":1}},"line":28}},"branchMap":{"0":{"loc":{"start":{"line":29,"column":9},"end":{"line":30,"column":61}},"type":"binary-expr","locations":[{"start":{"line":29,"column":9},"end":{"line":29,"column":34}},{"start":{"line":30,"column":4},"end":{"line":30,"column":14}},{"start":{"line":30,"column":18},"end":{"line":30,"column":32}},{"start":{"line":30,"column":36},"end":{"line":30,"column":61}}],"line":29}},"s":{"0":0,"1":0},"f":{"0":0},"b":{"0":[0,0,0,0]},"all":true},"C:\\Users\\teemu\\OneDrive - Electro Waves Oy\\Koulu\\03_Kevat2026\\Ohjelmistojen_yllapito_ja_testaus\\VIII_Deployment\\src\\isEmpty.js":{"path":"C:\\Users\\teemu\\OneDrive - Electro Waves Oy\\Koulu\\03_Kevat2026\\Ohjelmistojen_yllapito_ja_testaus\\VIII_Deployment\\src\\isEmpty.js","statementMap":{"0":{"start":{"line":9,"column":23},"end":{"line":9,"column":54}},"1":{"start":{"line":46,"column":2},"end":{"line":48,"column":3}},"2":{"start":{"line":47,"column":4},"end":{"line":47,"column":15}},"3":{"start":{"line":49,"column":2},"end":{"line":53,"column":3}},"4":{"start":{"line":52,"column":4},"end":{"line":52,"column":24}},"5":{"start":{"line":54,"column":14},"end":{"line":54,"column":27}},"6":{"start":{"line":55,"column":2},"end":{"line":57,"column":3}},"7":{"start":{"line":56,"column":4},"end":{"line":56,"column":22}},"8":{"start":{"line":58,"column":2},"end":{"line":60,"column":3}},"9":{"start":{"line":59,"column":4},"end":{"line":59,"column":37}},"10":{"start":{"line":61,"column":2},"end":{"line":65,"column":3}},"11":{"start":{"line":62,"column":4},"end":{"line":64,"column":5}},"12":{"start":{"line":63,"column":6},"end":{"line":63,"column":18}},"13":{"start":{"line":66,"column":2},"end":{"line":66,"column":13}}},"fnMap":{"0":{"name":"isEmpty","decl":{"start":{"line":45,"column":9},"end":{"line":45,"column":16}},"loc":{"start":{"line":45,"column":24},"end":{"line":67,"column":1}},"line":45}},"branchMap":{"0":{"loc":{"start":{"line":46,"column":2},"end":{"line":48,"column":3}},"type":"if","locations":[{"start":{"line":46,"column":2},"end":{"line":48,"column":3}},{"start":{},"end":{}}],"line":46},"1":{"loc":{"start":{"line":49,"column":2},"end":{"line":53,"column":3}},"type":"if","locations":[{"start":{"line":49,"column":2},"end":{"line":53,"column":3}},{"start":{},"end":{}}],"line":49},"2":{"loc":{"start":{"line":49,"column":6},"end":{"line":51,"column":69}},"type":"binary-expr","locations":[{"start":{"line":49,"column":6},"end":{"line":49,"column":24}},{"start":{"line":50,"column":7},"end":{"line":50,"column":27}},{"start":{"line":50,"column":31},"end":{"line":50,"column":56}},{"start":{"line":50,"column":60},"end":{"line":50,"column":94}},{"start":{"line":51,"column":8},"end":{"line":51,"column":23}},{"start":{"line":51,"column":27},"end":{"line":51,"column":46}},{"start":{"line":51,"column":50},"end":{"line":51,"column":68}}],"line":49},"3":{"loc":{"start":{"line":55,"column":2},"end":{"line":57,"column":3}},"type":"if","locations":[{"start":{"line":55,"column":2},"end":{"line":57,"column":3}},{"start":{},"end":{}}],"line":55},"4":{"loc":{"start":{"line":55,"column":6},"end":{"line":55,"column":52}},"type":"binary-expr","locations":[{"start":{"line":55,"column":6},"end":{"line":55,"column":27}},{"start":{"line":55,"column":31},"end":{"line":55,"column":52}}],"line":55},"5":{"loc":{"start":{"line":58,"column":2},"end":{"line":60,"column":3}},"type":"if","locations":[{"start":{"line":58,"column":2},"end":{"line":60,"column":3}},{"start":{},"end":{}}],"line":58},"6":{"loc":{"start":{"line":62,"column":4},"end":{"line":64,"column":5}},"type":"if","locations":[{"start":{"line":62,"column":4},"end":{"line":64,"column":5}},{"start":{},"end":{}}],"line":62}},"s":{"0":0,"1":0,"2":0,"3":0,"4":0,"5":0,"6":0,"7":0,"8":0,"9":0,"10":0,"11":0,"12":0,"13":0},"f":{"0":0},"b":{"0":[0,0],"1":[0,0],"2":[0,0,0,0,0,0,0],"3":[0,0],"4":[0,0],"5":[0,0],"6":[0,0]},"all":true},"C:\\Users\\teemu\\OneDrive - Electro Waves Oy\\Koulu\\03_Kevat2026\\Ohjelmistojen_yllapito_ja_testaus\\VIII_Deployment\\src\\isDate.js":{"path":"C:\\Users\\teemu\\OneDrive - Electro Waves Oy\\Koulu\\03_Kevat2026\\Ohjelmistojen_yllapito_ja_testaus\\VIII_Deployment\\src\\isDate.js","statementMap":{"0":{"start":{"line":6,"column":19},"end":{"line":6,"column":48}},"1":{"start":{"line":23,"column":15},"end":{"line":25,"column":70}},"2":{"start":{"line":24,"column":15},"end":{"line":24,"column":32}},"3":{"start":{"line":25,"column":15},"end":{"line":25,"column":70}}},"fnMap":{"0":{"name":"(anonymous_0)","decl":{"start":{"line":24,"column":4},"end":{"line":24,"column":5}},"loc":{"start":{"line":24,"column":15},"end":{"line":24,"column":32}},"line":24},"1":{"name":"(anonymous_1)","decl":{"start":{"line":25,"column":4},"end":{"line":25,"column":5}},"loc":{"start":{"line":25,"column":15},"end":{"line":25,"column":70}},"line":25}},"branchMap":{"0":{"loc":{"start":{"line":6,"column":19},"end":{"line":6,"column":48}},"type":"binary-expr","locations":[{"start":{"line":6,"column":19},"end":{"line":6,"column":28}},{"start":{"line":6,"column":32},"end":{"line":6,"column":48}}],"line":6},"1":{"loc":{"start":{"line":23,"column":15},"end":{"line":25,"column":70}},"type":"cond-expr","locations":[{"start":{"line":24,"column":4},"end":{"line":24,"column":32}},{"start":{"line":25,"column":4},"end":{"line":25,"column":70}}],"line":23},"2":{"loc":{"start":{"line":25,"column":15},"end":{"line":25,"column":70}},"type":"binary-expr","locations":[{"start":{"line":25,"column":15},"end":{"line":25,"column":34}},{"start":{"line":25,"column":38},"end":{"line":25,"column":70}}],"line":25}},"s":{"0":0,"1":0,"2":0,"3":0},"f":{"0":0,"1":0},"b":{"0":[0,0],"1":[0,0],"2":[0,0]},"all":true},"C:\\Users\\teemu\\OneDrive - Electro Waves Oy\\Koulu\\03_Kevat2026\\Ohjelmistojen_yllapito_ja_testaus\\VIII_Deployment\\src\\isBuffer.js":{"path":"C:\\Users\\teemu\\OneDrive - Electro Waves Oy\\Koulu\\03_Kevat2026\\Ohjelmistojen_yllapito_ja_testaus\\VIII_Deployment\\src\\isBuffer.js","statementMap":{"0":{"start":{"line":4,"column":20},"end":{"line":4,"column":99}},"1":{"start":{"line":7,"column":19},"end":{"line":7,"column":109}},"2":{"start":{"line":10,"column":22},"end":{"line":10,"column":70}},"3":{"start":{"line":13,"column":15},"end":{"line":13,"column":54}},"4":{"start":{"line":16,"column":23},"end":{"line":16,"column":59}},"5":{"start":{"line":33,"column":17},"end":{"line":33,"column":49}},"6":{"start":{"line":33,"column":26},"end":{"line":33,"column":49}}},"fnMap":{"0":{"name":"(anonymous_0)","decl":{"start":{"line":33,"column":17},"end":{"line":33,"column":18}},"loc":{"start":{"line":33,"column":26},"end":{"line":33,"column":49}},"line":33}},"branchMap":{"0":{"loc":{"start":{"line":4,"column":20},"end":{"line":4,"column":99}},"type":"binary-expr","locations":[{"start":{"line":4,"column":20},"end":{"line":4,"column":47}},{"start":{"line":4,"column":51},"end":{"line":4,"column":67}},{"start":{"line":4,"column":71},"end":{"line":4,"column":88}},{"start":{"line":4,"column":92},"end":{"line":4,"column":99}}],"line":4},"1":{"loc":{"start":{"line":7,"column":19},"end":{"line":7,"column":109}},"type":"binary-expr","locations":[{"start":{"line":7,"column":19},"end":{"line":7,"column":30}},{"start":{"line":7,"column":34},"end":{"line":7,"column":60}},{"start":{"line":7,"column":64},"end":{"line":7,"column":79}},{"start":{"line":7,"column":83},"end":{"line":7,"column":99}},{"start":{"line":7,"column":103},"end":{"line":7,"column":109}}],"line":7},"2":{"loc":{"start":{"line":10,"column":22},"end":{"line":10,"column":70}},"type":"binary-expr","locations":[{"start":{"line":10,"column":22},"end":{"line":10,"column":32}},{"start":{"line":10,"column":36},"end":{"line":10,"column":70}}],"line":10},"3":{"loc":{"start":{"line":13,"column":15},"end":{"line":13,"column":54}},"type":"cond-expr","locations":[{"start":{"line":13,"column":31},"end":{"line":13,"column":42}},{"start":{"line":13,"column":45},"end":{"line":13,"column":54}}],"line":13},"4":{"loc":{"start":{"line":16,"column":23},"end":{"line":16,"column":59}},"type":"cond-expr","locations":[{"start":{"line":16,"column":32},"end":{"line":16,"column":47}},{"start":{"line":16,"column":50},"end":{"line":16,"column":59}}],"line":16}},"s":{"0":0,"1":0,"2":0,"3":0,"4":0,"5":0,"6":0},"f":{"0":0},"b":{"0":[0,0,0,0],"1":[0,0,0,0,0],"2":[0,0],"3":[0,0],"4":[0,0]},"all":true},"C:\\Users\\teemu\\OneDrive - Electro Waves Oy\\Koulu\\03_Kevat2026\\Ohjelmistojen_yllapito_ja_testaus\\VIII_Deployment\\src\\isBoolean.js":{"path":"C:\\Users\\teemu\\OneDrive - Electro Waves Oy\\Koulu\\03_Kevat2026\\Ohjelmistojen_yllapito_ja_testaus\\VIII_Deployment\\src\\isBoolean.js","statementMap":{"0":{"start":{"line":20,"column":2},"end":{"line":21,"column":64}}},"fnMap":{"0":{"name":"isBoolean","decl":{"start":{"line":19,"column":9},"end":{"line":19,"column":18}},"loc":{"start":{"line":19,"column":26},"end":{"line":22,"column":1}},"line":19}},"branchMap":{"0":{"loc":{"start":{"line":20,"column":9},"end":{"line":21,"column":64}},"type":"binary-expr","locations":[{"start":{"line":20,"column":9},"end":{"line":20,"column":23}},{"start":{"line":20,"column":27},"end":{"line":20,"column":42}},{"start":{"line":21,"column":5},"end":{"line":21,"column":24}},{"start":{"line":21,"column":28},"end":{"line":21,"column":63}}],"line":20}},"s":{"0":0},"f":{"0":0},"b":{"0":[0,0,0,0]},"all":true},"C:\\Users\\teemu\\OneDrive - Electro Waves Oy\\Koulu\\03_Kevat2026\\Ohjelmistojen_yllapito_ja_testaus\\VIII_Deployment\\src\\isArrayLikeObject.js":{"path":"C:\\Users\\teemu\\OneDrive - Electro Waves Oy\\Koulu\\03_Kevat2026\\Ohjelmistojen_yllapito_ja_testaus\\VIII_Deployment\\src\\isArrayLikeObject.js","statementMap":{"0":{"start":{"line":28,"column":2},"end":{"line":28,"column":50}}},"fnMap":{"0":{"name":"isArrayLikeObject","decl":{"start":{"line":27,"column":9},"end":{"line":27,"column":26}},"loc":{"start":{"line":27,"column":34},"end":{"line":29,"column":1}},"line":27}},"branchMap":{"0":{"loc":{"start":{"line":28,"column":9},"end":{"line":28,"column":50}},"type":"binary-expr","locations":[{"start":{"line":28,"column":9},"end":{"line":28,"column":28}},{"start":{"line":28,"column":32},"end":{"line":28,"column":50}}],"line":28}},"s":{"0":0},"f":{"0":0},"b":{"0":[0,0]},"all":true},"C:\\Users\\teemu\\OneDrive - Electro Waves Oy\\Koulu\\03_Kevat2026\\Ohjelmistojen_yllapito_ja_testaus\\VIII_Deployment\\src\\isArrayLike.js":{"path":"C:\\Users\\teemu\\OneDrive - Electro Waves Oy\\Koulu\\03_Kevat2026\\Ohjelmistojen_yllapito_ja_testaus\\VIII_Deployment\\src\\isArrayLike.js","statementMap":{"0":{"start":{"line":27,"column":2},"end":{"line":27,"column":79}}},"fnMap":{"0":{"name":"isArrayLike","decl":{"start":{"line":26,"column":9},"end":{"line":26,"column":20}},"loc":{"start":{"line":26,"column":28},"end":{"line":28,"column":1}},"line":26}},"branchMap":{"0":{"loc":{"start":{"line":27,"column":9},"end":{"line":27,"column":79}},"type":"binary-expr","locations":[{"start":{"line":27,"column":9},"end":{"line":27,"column":22}},{"start":{"line":27,"column":26},"end":{"line":27,"column":53}},{"start":{"line":27,"column":57},"end":{"line":27,"column":79}}],"line":27}},"s":{"0":0},"f":{"0":0},"b":{"0":[0,0,0]},"all":true},"C:\\Users\\teemu\\OneDrive - Electro Waves Oy\\Koulu\\03_Kevat2026\\Ohjelmistojen_yllapito_ja_testaus\\VIII_Deployment\\src\\isArguments.js":{"path":"C:\\Users\\teemu\\OneDrive - Electro Waves Oy\\Koulu\\03_Kevat2026\\Ohjelmistojen_yllapito_ja_testaus\\VIII_Deployment\\src\\isArguments.js","statementMap":{"0":{"start":{"line":20,"column":2},"end":{"line":20,"column":69}}},"fnMap":{"0":{"name":"isArguments","decl":{"start":{"line":19,"column":9},"end":{"line":19,"column":20}},"loc":{"start":{"line":19,"column":28},"end":{"line":21,"column":1}},"line":19}},"branchMap":{"0":{"loc":{"start":{"line":20,"column":9},"end":{"line":20,"column":69}},"type":"binary-expr","locations":[{"start":{"line":20,"column":9},"end":{"line":20,"column":28}},{"start":{"line":20,"column":32},"end":{"line":20,"column":69}}],"line":20}},"s":{"0":0},"f":{"0":0},"b":{"0":[0,0]},"all":true},"C:\\Users\\teemu\\OneDrive - Electro Waves Oy\\Koulu\\03_Kevat2026\\Ohjelmistojen_yllapito_ja_testaus\\VIII_Deployment\\src\\get.js":{"path":"C:\\Users\\teemu\\OneDrive - Electro Waves Oy\\Koulu\\03_Kevat2026\\Ohjelmistojen_yllapito_ja_testaus\\VIII_Deployment\\src\\get.js","statementMap":{"0":{"start":{"line":28,"column":17},"end":{"line":28,"column":67}},"1":{"start":{"line":29,"column":2},"end":{"line":29,"column":53}}},"fnMap":{"0":{"name":"get","decl":{"start":{"line":27,"column":9},"end":{"line":27,"column":12}},"loc":{"start":{"line":27,"column":41},"end":{"line":30,"column":1}},"line":27}},"branchMap":{"0":{"loc":{"start":{"line":28,"column":17},"end":{"line":28,"column":67}},"type":"cond-expr","locations":[{"start":{"line":28,"column":34},"end":{"line":28,"column":43}},{"start":{"line":28,"column":46},"end":{"line":28,"column":67}}],"line":28},"1":{"loc":{"start":{"line":29,"column":9},"end":{"line":29,"column":53}},"type":"cond-expr","locations":[{"start":{"line":29,"column":32},"end":{"line":29,"column":44}},{"start":{"line":29,"column":47},"end":{"line":29,"column":53}}],"line":29}},"s":{"0":0,"1":0},"f":{"0":0},"b":{"0":[0,0],"1":[0,0]},"all":true},"C:\\Users\\teemu\\OneDrive - Electro Waves Oy\\Koulu\\03_Kevat2026\\Ohjelmistojen_yllapito_ja_testaus\\VIII_Deployment\\src\\filter.js":{"path":"C:\\Users\\teemu\\OneDrive - Electro Waves Oy\\Koulu\\03_Kevat2026\\Ohjelmistojen_yllapito_ja_testaus\\VIII_Deployment\\src\\filter.js","statementMap":{"0":{"start":{"line":25,"column":14},"end":{"line":25,"column":16}},"1":{"start":{"line":26,"column":17},"end":{"line":26,"column":18}},"2":{"start":{"line":27,"column":17},"end":{"line":27,"column":49}},"3":{"start":{"line":28,"column":17},"end":{"line":28,"column":21}},"4":{"start":{"line":30,"column":2},"end":{"line":35,"column":3}},"5":{"start":{"line":31,"column":18},"end":{"line":31,"column":30}},"6":{"start":{"line":32,"column":4},"end":{"line":34,"column":5}},"7":{"start":{"line":33,"column":6},"end":{"line":33,"column":32}},"8":{"start":{"line":36,"column":2},"end":{"line":36,"column":15}}},"fnMap":{"0":{"name":"filter","decl":{"start":{"line":24,"column":9},"end":{"line":24,"column":15}},"loc":{"start":{"line":24,"column":34},"end":{"line":37,"column":1}},"line":24}},"branchMap":{"0":{"loc":{"start":{"line":27,"column":17},"end":{"line":27,"column":49}},"type":"cond-expr","locations":[{"start":{"line":27,"column":33},"end":{"line":27,"column":34}},{"start":{"line":27,"column":37},"end":{"line":27,"column":49}}],"line":27},"1":{"loc":{"start":{"line":32,"column":4},"end":{"line":34,"column":5}},"type":"if","locations":[{"start":{"line":32,"column":4},"end":{"line":34,"column":5}},{"start":{},"end":{}}],"line":32}},"s":{"0":0,"1":0,"2":0,"3":0,"4":0,"5":0,"6":0,"7":0,"8":0},"f":{"0":0},"b":{"0":[0,0],"1":[0,0]},"all":true},"C:\\Users\\teemu\\OneDrive - Electro Waves Oy\\Koulu\\03_Kevat2026\\Ohjelmistojen_yllapito_ja_testaus\\VIII_Deployment\\src\\every.js":{"path":"C:\\Users\\teemu\\OneDrive - Electro Waves Oy\\Koulu\\03_Kevat2026\\Ohjelmistojen_yllapito_ja_testaus\\VIII_Deployment\\src\\every.js","statementMap":{"0":{"start":{"line":23,"column":14},"end":{"line":23,"column":16}},"1":{"start":{"line":24,"column":17},"end":{"line":24,"column":49}},"2":{"start":{"line":26,"column":2},"end":{"line":30,"column":3}},"3":{"start":{"line":27,"column":4},"end":{"line":29,"column":5}},"4":{"start":{"line":28,"column":6},"end":{"line":28,"column":18}},"5":{"start":{"line":31,"column":2},"end":{"line":31,"column":13}}},"fnMap":{"0":{"name":"every","decl":{"start":{"line":22,"column":9},"end":{"line":22,"column":14}},"loc":{"start":{"line":22,"column":33},"end":{"line":32,"column":1}},"line":22}},"branchMap":{"0":{"loc":{"start":{"line":24,"column":17},"end":{"line":24,"column":49}},"type":"cond-expr","locations":[{"start":{"line":24,"column":33},"end":{"line":24,"column":34}},{"start":{"line":24,"column":37},"end":{"line":24,"column":49}}],"line":24},"1":{"loc":{"start":{"line":27,"column":4},"end":{"line":29,"column":5}},"type":"if","locations":[{"start":{"line":27,"column":4},"end":{"line":29,"column":5}},{"start":{},"end":{}}],"line":27}},"s":{"0":0,"1":0,"2":0,"3":0,"4":0,"5":0},"f":{"0":0},"b":{"0":[0,0],"1":[0,0]},"all":true},"C:\\Users\\teemu\\OneDrive - Electro Waves Oy\\Koulu\\03_Kevat2026\\Ohjelmistojen_yllapito_ja_testaus\\VIII_Deployment\\src\\eq.js":{"path":"C:\\Users\\teemu\\OneDrive - Electro Waves Oy\\Koulu\\03_Kevat2026\\Ohjelmistojen_yllapito_ja_testaus\\VIII_Deployment\\src\\eq.js","statementMap":{"0":{"start":{"line":32,"column":2},"end":{"line":32,"column":63}}},"fnMap":{"0":{"name":"eq","decl":{"start":{"line":31,"column":9},"end":{"line":31,"column":11}},"loc":{"start":{"line":31,"column":26},"end":{"line":33,"column":1}},"line":31}},"branchMap":{"0":{"loc":{"start":{"line":32,"column":9},"end":{"line":32,"column":63}},"type":"binary-expr","locations":[{"start":{"line":32,"column":9},"end":{"line":32,"column":23}},{"start":{"line":32,"column":28},"end":{"line":32,"column":43}},{"start":{"line":32,"column":47},"end":{"line":32,"column":62}}],"line":32}},"s":{"0":0},"f":{"0":0},"b":{"0":[0,0,0]},"all":true},"C:\\Users\\teemu\\OneDrive - Electro Waves Oy\\Koulu\\03_Kevat2026\\Ohjelmistojen_yllapito_ja_testaus\\VIII_Deployment\\src\\endsWith.js":{"path":"C:\\Users\\teemu\\OneDrive - Electro Waves Oy\\Koulu\\03_Kevat2026\\Ohjelmistojen_yllapito_ja_testaus\\VIII_Deployment\\src\\endsWith.js","statementMap":{"0":{"start":{"line":24,"column":21},"end":{"line":24,"column":27}},"1":{"start":{"line":25,"column":2},"end":{"line":25,"column":56}},"2":{"start":{"line":26,"column":2},"end":{"line":31,"column":3}},"3":{"start":{"line":27,"column":4},"end":{"line":27,"column":16}},"4":{"start":{"line":29,"column":7},"end":{"line":31,"column":3}},"5":{"start":{"line":30,"column":4},"end":{"line":30,"column":21}},"6":{"start":{"line":32,"column":14},"end":{"line":32,"column":22}},"7":{"start":{"line":33,"column":2},"end":{"line":33,"column":27}},"8":{"start":{"line":34,"column":2},"end":{"line":34,"column":63}}},"fnMap":{"0":{"name":"endsWith","decl":{"start":{"line":23,"column":9},"end":{"line":23,"column":17}},"loc":{"start":{"line":23,"column":44},"end":{"line":35,"column":1}},"line":23}},"branchMap":{"0":{"loc":{"start":{"line":25,"column":13},"end":{"line":25,"column":56}},"type":"cond-expr","locations":[{"start":{"line":25,"column":38},"end":{"line":25,"column":44}},{"start":{"line":25,"column":47},"end":{"line":25,"column":56}}],"line":25},"1":{"loc":{"start":{"line":26,"column":2},"end":{"line":31,"column":3}},"type":"if","locations":[{"start":{"line":26,"column":2},"end":{"line":31,"column":3}},{"start":{"line":29,"column":7},"end":{"line":31,"column":3}}],"line":26},"2":{"loc":{"start":{"line":26,"column":6},"end":{"line":26,"column":42}},"type":"binary-expr","locations":[{"start":{"line":26,"column":6},"end":{"line":26,"column":18}},{"start":{"line":26,"column":22},"end":{"line":26,"column":42}}],"line":26},"3":{"loc":{"start":{"line":29,"column":7},"end":{"line":31,"column":3}},"type":"if","locations":[{"start":{"line":29,"column":7},"end":{"line":31,"column":3}},{"start":{},"end":{}}],"line":29},"4":{"loc":{"start":{"line":34,"column":9},"end":{"line":34,"column":63}},"type":"binary-expr","locations":[{"start":{"line":34,"column":9},"end":{"line":34,"column":22}},{"start":{"line":34,"column":26},"end":{"line":34,"column":63}}],"line":34}},"s":{"0":0,"1":0,"2":0,"3":0,"4":0,"5":0,"6":0,"7":0,"8":0},"f":{"0":0},"b":{"0":[0,0],"1":[0,0],"2":[0,0],"3":[0,0],"4":[0,0]},"all":true},"C:\\Users\\teemu\\OneDrive - Electro Waves Oy\\Koulu\\03_Kevat2026\\Ohjelmistojen_yllapito_ja_testaus\\VIII_Deployment\\src\\drop.js":{"path":"C:\\Users\\teemu\\OneDrive - Electro Waves Oy\\Koulu\\03_Kevat2026\\Ohjelmistojen_yllapito_ja_testaus\\VIII_Deployment\\src\\drop.js","statementMap":{"0":{"start":{"line":27,"column":17},"end":{"line":27,"column":49}},"1":{"start":{"line":28,"column":2},"end":{"line":30,"column":8}}},"fnMap":{"0":{"name":"drop","decl":{"start":{"line":26,"column":9},"end":{"line":26,"column":13}},"loc":{"start":{"line":26,"column":26},"end":{"line":31,"column":1}},"line":26}},"branchMap":{"0":{"loc":{"start":{"line":26,"column":21},"end":{"line":26,"column":24}},"type":"default-arg","locations":[{"start":{"line":26,"column":23},"end":{"line":26,"column":24}}],"line":26},"1":{"loc":{"start":{"line":27,"column":17},"end":{"line":27,"column":49}},"type":"cond-expr","locations":[{"start":{"line":27,"column":33},"end":{"line":27,"column":34}},{"start":{"line":27,"column":37},"end":{"line":27,"column":49}}],"line":27},"2":{"loc":{"start":{"line":28,"column":9},"end":{"line":30,"column":8}},"type":"cond-expr","locations":[{"start":{"line":29,"column":6},"end":{"line":29,"column":52}},{"start":{"line":30,"column":6},"end":{"line":30,"column":8}}],"line":28},"3":{"loc":{"start":{"line":29,"column":19},"end":{"line":29,"column":43}},"type":"cond-expr","locations":[{"start":{"line":29,"column":27},"end":{"line":29,"column":28}},{"start":{"line":29,"column":31},"end":{"line":29,"column":43}}],"line":29}},"s":{"0":0,"1":0},"f":{"0":0},"b":{"0":[0],"1":[0,0],"2":[0,0],"3":[0,0]},"all":true},"C:\\Users\\teemu\\OneDrive - Electro Waves Oy\\Koulu\\03_Kevat2026\\Ohjelmistojen_yllapito_ja_testaus\\VIII_Deployment\\src\\divide.js":{"path":"C:\\Users\\teemu\\OneDrive - Electro Waves Oy\\Koulu\\03_Kevat2026\\Ohjelmistojen_yllapito_ja_testaus\\VIII_Deployment\\src\\divide.js","statementMap":{"0":{"start":{"line":17,"column":15},"end":{"line":17,"column":80}},"1":{"start":{"line":17,"column":58},"end":{"line":17,"column":76}}},"fnMap":{"0":{"name":"(anonymous_0)","decl":{"start":{"line":17,"column":35},"end":{"line":17,"column":36}},"loc":{"start":{"line":17,"column":58},"end":{"line":17,"column":76}},"line":17}},"branchMap":{},"s":{"0":0,"1":0},"f":{"0":0},"b":{},"all":true},"C:\\Users\\teemu\\OneDrive - Electro Waves Oy\\Koulu\\03_Kevat2026\\Ohjelmistojen_yllapito_ja_testaus\\VIII_Deployment\\src\\difference.js":{"path":"C:\\Users\\teemu\\OneDrive - Electro Waves Oy\\Koulu\\03_Kevat2026\\Ohjelmistojen_yllapito_ja_testaus\\VIII_Deployment\\src\\difference.js","statementMap":{"0":{"start":{"line":25,"column":2},"end":{"line":27,"column":8}}},"fnMap":{"0":{"name":"difference","decl":{"start":{"line":24,"column":9},"end":{"line":24,"column":19}},"loc":{"start":{"line":24,"column":38},"end":{"line":28,"column":1}},"line":24}},"branchMap":{"0":{"loc":{"start":{"line":25,"column":9},"end":{"line":27,"column":8}},"type":"cond-expr","locations":[{"start":{"line":26,"column":6},"end":{"line":26,"column":76}},{"start":{"line":27,"column":6},"end":{"line":27,"column":8}}],"line":25}},"s":{"0":0},"f":{"0":0},"b":{"0":[0,0]},"all":true},"C:\\Users\\teemu\\OneDrive - Electro Waves Oy\\Koulu\\03_Kevat2026\\Ohjelmistojen_yllapito_ja_testaus\\VIII_Deployment\\src\\defaultToAny.js":{"path":"C:\\Users\\teemu\\OneDrive - Electro Waves Oy\\Koulu\\03_Kevat2026\\Ohjelmistojen_yllapito_ja_testaus\\VIII_Deployment\\src\\defaultToAny.js","statementMap":{"0":{"start":{"line":29,"column":2},"end":{"line":29,"column":53}}},"fnMap":{"0":{"name":"defaultToAny","decl":{"start":{"line":28,"column":9},"end":{"line":28,"column":21}},"loc":{"start":{"line":28,"column":47},"end":{"line":30,"column":1}},"line":28}},"branchMap":{},"s":{"0":0},"f":{"0":0},"b":{},"all":true},"C:\\Users\\teemu\\OneDrive - Electro Waves Oy\\Koulu\\03_Kevat2026\\Ohjelmistojen_yllapito_ja_testaus\\VIII_Deployment\\src\\defaultTo.js":{"path":"C:\\Users\\teemu\\OneDrive - Electro Waves Oy\\Koulu\\03_Kevat2026\\Ohjelmistojen_yllapito_ja_testaus\\VIII_Deployment\\src\\defaultTo.js","statementMap":{"0":{"start":{"line":20,"column":2},"end":{"line":20,"column":66}}},"fnMap":{"0":{"name":"defaultTo","decl":{"start":{"line":19,"column":9},"end":{"line":19,"column":18}},"loc":{"start":{"line":19,"column":40},"end":{"line":21,"column":1}},"line":19}},"branchMap":{"0":{"loc":{"start":{"line":20,"column":9},"end":{"line":20,"column":66}},"type":"cond-expr","locations":[{"start":{"line":20,"column":46},"end":{"line":20,"column":58}},{"start":{"line":20,"column":61},"end":{"line":20,"column":66}}],"line":20},"1":{"loc":{"start":{"line":20,"column":10},"end":{"line":20,"column":42}},"type":"binary-expr","locations":[{"start":{"line":20,"column":10},"end":{"line":20,"column":23}},{"start":{"line":20,"column":27},"end":{"line":20,"column":42}}],"line":20}},"s":{"0":0},"f":{"0":0},"b":{"0":[0,0],"1":[0,0]},"all":true},"C:\\Users\\teemu\\OneDrive - Electro Waves Oy\\Koulu\\03_Kevat2026\\Ohjelmistojen_yllapito_ja_testaus\\VIII_Deployment\\src\\countBy.js":{"path":"C:\\Users\\teemu\\OneDrive - Electro Waves Oy\\Koulu\\03_Kevat2026\\Ohjelmistojen_yllapito_ja_testaus\\VIII_Deployment\\src\\countBy.js","statementMap":{"0":{"start":{"line":5,"column":23},"end":{"line":5,"column":54}},"1":{"start":{"line":30,"column":2},"end":{"line":38,"column":8}},"2":{"start":{"line":31,"column":4},"end":{"line":31,"column":25}},"3":{"start":{"line":32,"column":4},"end":{"line":36,"column":5}},"4":{"start":{"line":33,"column":6},"end":{"line":33,"column":19}},"5":{"start":{"line":35,"column":6},"end":{"line":35,"column":37}},"6":{"start":{"line":37,"column":4},"end":{"line":37,"column":17}}},"fnMap":{"0":{"name":"countBy","decl":{"start":{"line":29,"column":9},"end":{"line":29,"column":16}},"loc":{"start":{"line":29,"column":39},"end":{"line":39,"column":1}},"line":29},"1":{"name":"(anonymous_1)","decl":{"start":{"line":30,"column":28},"end":{"line":30,"column":29}},"loc":{"start":{"line":30,"column":52},"end":{"line":38,"column":3}},"line":30}},"branchMap":{"0":{"loc":{"start":{"line":32,"column":4},"end":{"line":36,"column":5}},"type":"if","locations":[{"start":{"line":32,"column":4},"end":{"line":36,"column":5}},{"start":{"line":34,"column":11},"end":{"line":36,"column":5}}],"line":32}},"s":{"0":0,"1":0,"2":0,"3":0,"4":0,"5":0,"6":0},"f":{"0":0,"1":0},"b":{"0":[0,0]},"all":true},"C:\\Users\\teemu\\OneDrive - Electro Waves Oy\\Koulu\\03_Kevat2026\\Ohjelmistojen_yllapito_ja_testaus\\VIII_Deployment\\src\\compact.js":{"path":"C:\\Users\\teemu\\OneDrive - Electro Waves Oy\\Koulu\\03_Kevat2026\\Ohjelmistojen_yllapito_ja_testaus\\VIII_Deployment\\src\\compact.js","statementMap":{"0":{"start":{"line":15,"column":17},"end":{"line":15,"column":18}},"1":{"start":{"line":16,"column":17},"end":{"line":16,"column":19}},"2":{"start":{"line":18,"column":2},"end":{"line":22,"column":3}},"3":{"start":{"line":19,"column":4},"end":{"line":21,"column":5}},"4":{"start":{"line":20,"column":6},"end":{"line":20,"column":32}},"5":{"start":{"line":23,"column":2},"end":{"line":23,"column":15}}},"fnMap":{"0":{"name":"compact","decl":{"start":{"line":14,"column":9},"end":{"line":14,"column":16}},"loc":{"start":{"line":14,"column":24},"end":{"line":24,"column":1}},"line":14}},"branchMap":{"0":{"loc":{"start":{"line":19,"column":4},"end":{"line":21,"column":5}},"type":"if","locations":[{"start":{"line":19,"column":4},"end":{"line":21,"column":5}},{"start":{},"end":{}}],"line":19}},"s":{"0":0,"1":0,"2":0,"3":0,"4":0,"5":0},"f":{"0":0},"b":{"0":[0,0]},"all":true},"C:\\Users\\teemu\\OneDrive - Electro Waves Oy\\Koulu\\03_Kevat2026\\Ohjelmistojen_yllapito_ja_testaus\\VIII_Deployment\\src\\clamp.js":{"path":"C:\\Users\\teemu\\OneDrive - Electro Waves Oy\\Koulu\\03_Kevat2026\\Ohjelmistojen_yllapito_ja_testaus\\VIII_Deployment\\src\\clamp.js","statementMap":{"0":{"start":{"line":19,"column":2},"end":{"line":19,"column":18}},"1":{"start":{"line":20,"column":2},"end":{"line":20,"column":16}},"2":{"start":{"line":21,"column":2},"end":{"line":21,"column":16}},"3":{"start":{"line":22,"column":2},"end":{"line":22,"column":37}},"4":{"start":{"line":23,"column":2},"end":{"line":23,"column":37}},"5":{"start":{"line":24,"column":2},"end":{"line":27,"column":3}},"6":{"start":{"line":25,"column":4},"end":{"line":25,"column":45}},"7":{"start":{"line":26,"column":4},"end":{"line":26,"column":45}},"8":{"start":{"line":28,"column":2},"end":{"line":28,"column":15}}},"fnMap":{"0":{"name":"clamp","decl":{"start":{"line":18,"column":9},"end":{"line":18,"column":14}},"loc":{"start":{"line":18,"column":37},"end":{"line":29,"column":1}},"line":18}},"branchMap":{"0":{"loc":{"start":{"line":22,"column":10},"end":{"line":22,"column":37}},"type":"cond-expr","locations":[{"start":{"line":22,"column":28},"end":{"line":22,"column":33}},{"start":{"line":22,"column":36},"end":{"line":22,"column":37}}],"line":22},"1":{"loc":{"start":{"line":23,"column":10},"end":{"line":23,"column":37}},"type":"cond-expr","locations":[{"start":{"line":23,"column":28},"end":{"line":23,"column":33}},{"start":{"line":23,"column":36},"end":{"line":23,"column":37}}],"line":23},"2":{"loc":{"start":{"line":24,"column":2},"end":{"line":27,"column":3}},"type":"if","locations":[{"start":{"line":24,"column":2},"end":{"line":27,"column":3}},{"start":{},"end":{}}],"line":24},"3":{"loc":{"start":{"line":25,"column":13},"end":{"line":25,"column":45}},"type":"cond-expr","locations":[{"start":{"line":25,"column":31},"end":{"line":25,"column":36}},{"start":{"line":25,"column":39},"end":{"line":25,"column":45}}],"line":25},"4":{"loc":{"start":{"line":26,"column":13},"end":{"line":26,"column":45}},"type":"cond-expr","locations":[{"start":{"line":26,"column":31},"end":{"line":26,"column":36}},{"start":{"line":26,"column":39},"end":{"line":26,"column":45}}],"line":26}},"s":{"0":0,"1":0,"2":0,"3":0,"4":0,"5":0,"6":0,"7":0,"8":0},"f":{"0":0},"b":{"0":[0,0],"1":[0,0],"2":[0,0],"3":[0,0],"4":[0,0]},"all":true},"C:\\Users\\teemu\\OneDrive - Electro Waves Oy\\Koulu\\03_Kevat2026\\Ohjelmistojen_yllapito_ja_testaus\\VIII_Deployment\\src\\chunk.js":{"path":"C:\\Users\\teemu\\OneDrive - Electro Waves Oy\\Koulu\\03_Kevat2026\\Ohjelmistojen_yllapito_ja_testaus\\VIII_Deployment\\src\\chunk.js","statementMap":{"0":{"start":{"line":23,"column":2},"end":{"line":23,"column":37}},"1":{"start":{"line":24,"column":17},"end":{"line":24,"column":49}},"2":{"start":{"line":25,"column":2},"end":{"line":27,"column":3}},"3":{"start":{"line":26,"column":4},"end":{"line":26,"column":13}},"4":{"start":{"line":28,"column":14},"end":{"line":28,"column":15}},"5":{"start":{"line":29,"column":17},"end":{"line":29,"column":18}},"6":{"start":{"line":30,"column":17},"end":{"line":30,"column":52}},"7":{"start":{"line":32,"column":2},"end":{"line":36,"column":3}},"8":{"start":{"line":33,"column":4},"end":{"line":33,"column":59}},"9":{"start":{"line":34,"column":4},"end":{"line":34,"column":15}},"10":{"start":{"line":37,"column":2},"end":{"line":37,"column":15}}},"fnMap":{"0":{"name":"chunk","decl":{"start":{"line":22,"column":9},"end":{"line":22,"column":14}},"loc":{"start":{"line":22,"column":32},"end":{"line":38,"column":1}},"line":22}},"branchMap":{"0":{"loc":{"start":{"line":22,"column":22},"end":{"line":22,"column":30}},"type":"default-arg","locations":[{"start":{"line":22,"column":29},"end":{"line":22,"column":30}}],"line":22},"1":{"loc":{"start":{"line":24,"column":17},"end":{"line":24,"column":49}},"type":"cond-expr","locations":[{"start":{"line":24,"column":33},"end":{"line":24,"column":34}},{"start":{"line":24,"column":37},"end":{"line":24,"column":49}}],"line":24},"2":{"loc":{"start":{"line":25,"column":2},"end":{"line":27,"column":3}},"type":"if","locations":[{"start":{"line":25,"column":2},"end":{"line":27,"column":3}},{"start":{},"end":{}}],"line":25},"3":{"loc":{"start":{"line":25,"column":6},"end":{"line":25,"column":25}},"type":"binary-expr","locations":[{"start":{"line":25,"column":6},"end":{"line":25,"column":13}},{"start":{"line":25,"column":17},"end":{"line":25,"column":25}}],"line":25}},"s":{"0":0,"1":0,"2":0,"3":0,"4":0,"5":0,"6":0,"7":0,"8":0,"9":0,"10":0},"f":{"0":0},"b":{"0":[0],"1":[0,0],"2":[0,0],"3":[0,0]},"all":true},"C:\\Users\\teemu\\OneDrive - Electro Waves Oy\\Koulu\\03_Kevat2026\\Ohjelmistojen_yllapito_ja_testaus\\VIII_Deployment\\src\\ceil.js":{"path":"C:\\Users\\teemu\\OneDrive - Electro Waves Oy\\Koulu\\03_Kevat2026\\Ohjelmistojen_yllapito_ja_testaus\\VIII_Deployment\\src\\ceil.js","statementMap":{"0":{"start":{"line":22,"column":13},"end":{"line":22,"column":32}}},"fnMap":{},"branchMap":{},"s":{"0":0},"f":{},"b":{},"all":true},"C:\\Users\\teemu\\OneDrive - Electro Waves Oy\\Koulu\\03_Kevat2026\\Ohjelmistojen_yllapito_ja_testaus\\VIII_Deployment\\src\\castArray.js":{"path":"C:\\Users\\teemu\\OneDrive - Electro Waves Oy\\Koulu\\03_Kevat2026\\Ohjelmistojen_yllapito_ja_testaus\\VIII_Deployment\\src\\castArray.js","statementMap":{"0":{"start":{"line":34,"column":16},"end":{"line":34,"column":23}},"1":{"start":{"line":35,"column":2},"end":{"line":37,"column":3}},"2":{"start":{"line":36,"column":4},"end":{"line":36,"column":49}},"3":{"start":{"line":38,"column":2},"end":{"line":38,"column":11}}},"fnMap":{"0":{"name":"castArray","decl":{"start":{"line":33,"column":9},"end":{"line":33,"column":18}},"loc":{"start":{"line":33,"column":28},"end":{"line":39,"column":1}},"line":33}},"branchMap":{"0":{"loc":{"start":{"line":35,"column":2},"end":{"line":37,"column":3}},"type":"if","locations":[{"start":{"line":35,"column":2},"end":{"line":37,"column":3}},{"start":{},"end":{}}],"line":35},"1":{"loc":{"start":{"line":36,"column":11},"end":{"line":36,"column":49}},"type":"cond-expr","locations":[{"start":{"line":36,"column":34},"end":{"line":36,"column":39}},{"start":{"line":36,"column":42},"end":{"line":36,"column":49}}],"line":36}},"s":{"0":0,"1":0,"2":0,"3":0},"f":{"0":0},"b":{"0":[0,0],"1":[0,0]},"all":true},"C:\\Users\\teemu\\OneDrive - Electro Waves Oy\\Koulu\\03_Kevat2026\\Ohjelmistojen_yllapito_ja_testaus\\VIII_Deployment\\src\\capitalize.js":{"path":"C:\\Users\\teemu\\OneDrive - Electro Waves Oy\\Koulu\\03_Kevat2026\\Ohjelmistojen_yllapito_ja_testaus\\VIII_Deployment\\src\\capitalize.js","statementMap":{"0":{"start":{"line":17,"column":19},"end":{"line":17,"column":73}},"1":{"start":{"line":17,"column":31},"end":{"line":17,"column":73}}},"fnMap":{"0":{"name":"(anonymous_0)","decl":{"start":{"line":17,"column":19},"end":{"line":17,"column":20}},"loc":{"start":{"line":17,"column":31},"end":{"line":17,"column":73}},"line":17}},"branchMap":{},"s":{"0":0,"1":0},"f":{"0":0},"b":{},"all":true},"C:\\Users\\teemu\\OneDrive - Electro Waves Oy\\Koulu\\03_Kevat2026\\Ohjelmistojen_yllapito_ja_testaus\\VIII_Deployment\\src\\camelCase.js":{"path":"C:\\Users\\teemu\\OneDrive - Electro Waves Oy\\Koulu\\03_Kevat2026\\Ohjelmistojen_yllapito_ja_testaus\\VIII_Deployment\\src\\camelCase.js","statementMap":{"0":{"start":{"line":24,"column":18},"end":{"line":29,"column":1}},"1":{"start":{"line":25,"column":2},"end":{"line":28,"column":8}},"2":{"start":{"line":26,"column":4},"end":{"line":26,"column":29}},"3":{"start":{"line":27,"column":4},"end":{"line":27,"column":53}}},"fnMap":{"0":{"name":"(anonymous_0)","decl":{"start":{"line":24,"column":18},"end":{"line":24,"column":19}},"loc":{"start":{"line":25,"column":2},"end":{"line":28,"column":8}},"line":25},"1":{"name":"(anonymous_1)","decl":{"start":{"line":25,"column":59},"end":{"line":25,"column":60}},"loc":{"start":{"line":25,"column":84},"end":{"line":28,"column":3}},"line":25}},"branchMap":{"0":{"loc":{"start":{"line":27,"column":21},"end":{"line":27,"column":52}},"type":"cond-expr","locations":[{"start":{"line":27,"column":29},"end":{"line":27,"column":45}},{"start":{"line":27,"column":48},"end":{"line":27,"column":52}}],"line":27}},"s":{"0":0,"1":0,"2":0,"3":0},"f":{"0":0,"1":0},"b":{"0":[0,0]},"all":true},"C:\\Users\\teemu\\OneDrive - Electro Waves Oy\\Koulu\\03_Kevat2026\\Ohjelmistojen_yllapito_ja_testaus\\VIII_Deployment\\src\\at.js":{"path":"C:\\Users\\teemu\\OneDrive - Electro Waves Oy\\Koulu\\03_Kevat2026\\Ohjelmistojen_yllapito_ja_testaus\\VIII_Deployment\\src\\at.js","statementMap":{"0":{"start":{"line":19,"column":11},"end":{"line":19,"column":70}},"1":{"start":{"line":19,"column":33},"end":{"line":19,"column":70}}},"fnMap":{"0":{"name":"(anonymous_0)","decl":{"start":{"line":19,"column":11},"end":{"line":19,"column":12}},"loc":{"start":{"line":19,"column":33},"end":{"line":19,"column":70}},"line":19}},"branchMap":{},"s":{"0":0,"1":0},"f":{"0":0},"b":{},"all":true},"C:\\Users\\teemu\\OneDrive - Electro Waves Oy\\Koulu\\03_Kevat2026\\Ohjelmistojen_yllapito_ja_testaus\\VIII_Deployment\\src\\add.js":{"path":"C:\\Users\\teemu\\OneDrive - Electro Waves Oy\\Koulu\\03_Kevat2026\\Ohjelmistojen_yllapito_ja_testaus\\VIII_Deployment\\src\\add.js","statementMap":{"0":{"start":{"line":16,"column":12},"end":{"line":16,"column":71}},"1":{"start":{"line":16,"column":52},"end":{"line":16,"column":67}}},"fnMap":{"0":{"name":"(anonymous_0)","decl":{"start":{"line":16,"column":32},"end":{"line":16,"column":33}},"loc":{"start":{"line":16,"column":52},"end":{"line":16,"column":67}},"line":16}},"branchMap":{},"s":{"0":0,"1":0},"f":{"0":0},"b":{},"all":true}}